d:\program\phone_simulator\phonesimulator\phonesimulator\debug\vc141.pdb
d:\program\phone_simulator\phonesimulator\phonesimulator\debug\vc141.idb
d:\program\phone_simulator\phonesimulator\phonesimulator\debug\main.obj
d:\program\phone_simulator\phonesimulator\phonesimulator\debug\function_phone.obj
d:\program\phone_simulator\phonesimulator\phonesimulator\debug\smart_phone.obj
d:\program\phone_simulator\phonesimulator\phonesimulator\debug\phone.obj
d:\program\phone_simulator\phonesimulator\phonesimulator\debug\os.obj
d:\program\phone_simulator\phonesimulator\phonesimulator\debug\iphone.obj
d:\program\phone_simulator\phonesimulator\phonesimulator\debug\ios.obj
d:\program\phone_simulator\phonesimulator\phonesimulator\debug\android_phone.obj
d:\program\phone_simulator\phonesimulator\phonesimulator\debug\android9.obj
d:\program\phone_simulator\phonesimulator\phonesimulator\debug\android.obj
d:\program\phone_simulator\phonesimulator\debug\phonesimulator.exe
d:\program\phone_simulator\phonesimulator\debug\phonesimulator.ilk
d:\program\phone_simulator\phonesimulator\debug\phonesimulator.pdb
d:\program\phone_simulator\phonesimulator\phonesimulator\debug\phonesimulator.tlog\cl.command.1.tlog
d:\program\phone_simulator\phonesimulator\phonesimulator\debug\phonesimulator.tlog\cl.read.1.tlog
d:\program\phone_simulator\phonesimulator\phonesimulator\debug\phonesimulator.tlog\cl.write.1.tlog
d:\program\phone_simulator\phonesimulator\phonesimulator\debug\phonesimulator.tlog\link.command.1.tlog
d:\program\phone_simulator\phonesimulator\phonesimulator\debug\phonesimulator.tlog\link.read.1.tlog
d:\program\phone_simulator\phonesimulator\phonesimulator\debug\phonesimulator.tlog\link.write.1.tlog
